<?xml version="1.0" encoding="UTF-8"?>
<!-- Generated by org.testng.reporters.JUnitReportReporter -->
<testsuite hostname="DESKTOP-40FF2C0" failures="0" tests="1" name="com.inetbanking.testCases.TC_LoginTest_001" time="1.048" errors="0" timestamp="2020-06-01T12:21:47 EDT" skipped="0">
  <testcase classname="com.inetbanking.testCases.TC_LoginTest_001" name="loginTest" time="1.048"/>
  <system-out/>
</testsuite> <!-- com.inetbanking.testCases.TC_LoginTest_001 -->
